[18:02:13] [ServerMain/INFO]: Environment: authHost='https://authserver.mojang.com', accountsHost='https://api.mojang.com', sessionHost='https://sessionserver.mojang.com', servicesHost='https://api.minecraftservices.com', name='PROD'
[18:02:14] [ServerMain/WARN]: Ambiguity between arguments [teleport, location] and [teleport, destination] with inputs: [0.1 -0.5 .9, 0 0 0]
[18:02:14] [ServerMain/WARN]: Ambiguity between arguments [teleport, location] and [teleport, targets] with inputs: [0.1 -0.5 .9, 0 0 0]
[18:02:14] [ServerMain/WARN]: Ambiguity between arguments [teleport, destination] and [teleport, targets] with inputs: [Player, 0123, @e, dd12be42-52a9-4a91-a8a1-11c01849e498]
[18:02:14] [ServerMain/WARN]: Ambiguity between arguments [teleport, targets] and [teleport, destination] with inputs: [Player, 0123, dd12be42-52a9-4a91-a8a1-11c01849e498]
[18:02:14] [ServerMain/WARN]: Ambiguity between arguments [teleport, targets, location] and [teleport, targets, destination] with inputs: [0.1 -0.5 .9, 0 0 0]
[18:02:14] [ServerMain/INFO]: Reloading ResourceManager: Default
[18:02:14] [Worker-Main-14/INFO]: Loaded 7 recipes
[18:02:15] [Worker-Main-14/INFO]: Loaded 1141 advancements
[18:02:18] [Server thread/INFO]: Starting minecraft server version 1.18.1
[18:02:18] [Server thread/INFO]: Loading properties
[18:02:18] [Server thread/INFO]: Default game type: SURVIVAL
[18:02:18] [Server thread/INFO]: Generating keypair
[18:02:18] [Server thread/INFO]: Starting Minecraft server on 10.0.0.188:25565
[18:02:18] [Server thread/INFO]: Using default channel type
[18:02:18] [Server thread/INFO]: Preparing level "world"
[18:02:19] [Server thread/INFO]: Preparing start region for dimension minecraft:overworld
[18:02:20] [Worker-Main-14/INFO]: Preparing spawn area: 0%
[18:02:20] [Worker-Main-14/INFO]: Preparing spawn area: 0%
[18:02:20] [Worker-Main-14/INFO]: Preparing spawn area: 0%
[18:02:20] [Worker-Main-13/INFO]: Preparing spawn area: 0%
[18:02:21] [Worker-Main-15/INFO]: Preparing spawn area: 0%
[18:02:23] [Worker-Main-22/INFO]: Preparing spawn area: 0%
[18:02:23] [Worker-Main-22/INFO]: Preparing spawn area: 0%
[18:02:23] [Worker-Main-22/INFO]: Preparing spawn area: 0%
[18:02:24] [Worker-Main-22/INFO]: Preparing spawn area: 0%
[18:02:24] [Worker-Main-22/INFO]: Preparing spawn area: 0%
[18:02:24] [Worker-Main-22/INFO]: Preparing spawn area: 0%
[18:02:24] [Worker-Main-22/INFO]: Preparing spawn area: 0%
[18:02:25] [Worker-Main-22/INFO]: Preparing spawn area: 5%
[18:02:25] [Worker-Main-19/INFO]: Preparing spawn area: 10%
[18:02:26] [Worker-Main-13/INFO]: Preparing spawn area: 16%
[18:02:26] [Worker-Main-20/INFO]: Preparing spawn area: 31%
[18:02:27] [Worker-Main-13/INFO]: Preparing spawn area: 36%
[18:02:27] [Worker-Main-17/INFO]: Preparing spawn area: 54%
[18:02:28] [Worker-Main-13/INFO]: Preparing spawn area: 55%
[18:02:28] [Worker-Main-19/INFO]: Preparing spawn area: 61%
[18:02:29] [Worker-Main-22/INFO]: Preparing spawn area: 68%
[18:02:29] [Worker-Main-22/INFO]: Preparing spawn area: 68%
[18:02:30] [Worker-Main-13/INFO]: Preparing spawn area: 68%
[18:02:30] [Worker-Main-16/INFO]: Preparing spawn area: 69%
[18:02:31] [Worker-Main-21/INFO]: Preparing spawn area: 72%
[18:02:31] [Worker-Main-15/INFO]: Preparing spawn area: 75%
[18:02:32] [Worker-Main-22/INFO]: Preparing spawn area: 76%
[18:02:32] [Worker-Main-20/INFO]: Preparing spawn area: 78%
[18:02:33] [Worker-Main-12/INFO]: Preparing spawn area: 82%
[18:02:33] [Worker-Main-18/INFO]: Preparing spawn area: 83%
[18:02:34] [Worker-Main-16/INFO]: Preparing spawn area: 83%
[18:02:34] [Worker-Main-20/INFO]: Preparing spawn area: 84%
[18:02:35] [Worker-Main-16/INFO]: Preparing spawn area: 85%
[18:02:35] [Worker-Main-22/INFO]: Preparing spawn area: 87%
[18:02:36] [Worker-Main-22/INFO]: Preparing spawn area: 88%
[18:02:36] [Worker-Main-19/INFO]: Preparing spawn area: 89%
[18:02:37] [Worker-Main-19/INFO]: Preparing spawn area: 91%
[18:02:37] [Worker-Main-18/INFO]: Preparing spawn area: 93%
[18:02:38] [Worker-Main-20/INFO]: Preparing spawn area: 96%
[18:02:38] [Server thread/INFO]: Time elapsed: 19194 ms
[18:02:38] [Server thread/INFO]: Done (19.304s)! For help, type "help"
[18:13:06] [Server thread/INFO]: Stopping the server
[18:13:06] [Server thread/INFO]: Stopping server
[18:13:06] [Server thread/INFO]: Saving players
[18:13:06] [Server thread/INFO]: Saving worlds
[18:13:06] [Server thread/INFO]: Saving chunks for level 'ServerLevel[world]'/minecraft:overworld
[18:13:06] [Server thread/INFO]: Saving chunks for level 'ServerLevel[world]'/minecraft:the_nether
[18:13:06] [Server thread/INFO]: Saving chunks for level 'ServerLevel[world]'/minecraft:the_end
[18:13:06] [Server thread/INFO]: ThreadedAnvilChunkStorage (world): All chunks are saved
[18:13:06] [Server thread/INFO]: ThreadedAnvilChunkStorage (DIM-1): All chunks are saved
[18:13:06] [Server thread/INFO]: ThreadedAnvilChunkStorage (DIM1): All chunks are saved
[18:13:06] [Server thread/INFO]: ThreadedAnvilChunkStorage: All dimensions are saved
